<?xml version="1.0" encoding="UTF-8" standalone="yes"?>
<testsuites time="140.424" tests="4" failures="2" errors="1">
    <testsuite name="GraphWalker" tests="4" failures="2" errors="1" time="140.424" timestamp="2022-03-31T03:49:14">
        <properties>
[...]
</properties>
        <testcase name="YoutubeTest1" time="35.106" classname="com.company.YoutubeTest1"/>
        <testcase name="YoutubeTest4" time="35.106" classname="com.company.YoutubeTest4">
            <error type="java.lang.reflect.InvocationTargetException">
                java.lang.reflect.InvocationTargetException
                	at java.base/jdk.internal.reflect.NativeMethodAccessorImpl.invoke0(Native Method)
                	at java.base/jdk.internal.reflect.NativeMethodAccessorImpl.invoke(NativeMethodAccessorImpl.java:77)
                	at java.base/jdk.internal.reflect.DelegatingMethodAccessorImpl.invoke(DelegatingMethodAccessorImpl.java:43)
                	at java.base/java.lang.reflect.Method.invoke(Method.java:568)
                	at org.graphwalker.core.machine.ExecutionContext.execute(ExecutionContext.java:265)
                	at org.graphwalker.core.machine.SimpleMachine.execute(SimpleMachine.java:285)
                	at org.graphwalker.core.machine.SimpleMachine.getNextStep(SimpleMachine.java:108)
                	at org.graphwalker.java.test.TestExecutor.execute(TestExecutor.java:249)
                	at java.base/jdk.internal.reflect.NativeMethodAccessorImpl.invoke0(Native Method)
                	at java.base/jdk.internal.reflect.NativeMethodAccessorImpl.invoke(NativeMethodAccessorImpl.java:77)
                	at java.base/jdk.internal.reflect.DelegatingMethodAccessorImpl.invoke(DelegatingMethodAccessorImpl.java:43)
                	at java.base/java.lang.reflect.Method.invoke(Method.java:568)
                	at org.graphwalker.java.test.Reflections.invoke(Reflections.java:73)
                	at org.graphwalker.java.test.Reflector.execute(Reflector.java:123)
                	at org.graphwalker.maven.plugin.TestMojo.execute(TestMojo.java:161)
                	at org.apache.maven.plugin.DefaultBuildPluginManager.executeMojo(DefaultBuildPluginManager.java:137)
                	at org.apache.maven.lifecycle.internal.MojoExecutor.execute(MojoExecutor.java:210)
                	at org.apache.maven.lifecycle.internal.MojoExecutor.execute(MojoExecutor.java:156)
                	at org.apache.maven.lifecycle.internal.MojoExecutor.execute(MojoExecutor.java:148)
                	at org.apache.maven.lifecycle.internal.LifecycleModuleBuilder.buildProject(LifecycleModuleBuilder.java:117)
                	at org.apache.maven.lifecycle.internal.LifecycleModuleBuilder.buildProject(LifecycleModuleBuilder.java:81)
                	at org.apache.maven.lifecycle.internal.builder.singlethreaded.SingleThreadedBuilder.build(SingleThreadedBuilder.java:56)
                	at org.apache.maven.lifecycle.internal.LifecycleStarter.execute(LifecycleStarter.java:128)
                	at org.apache.maven.DefaultMaven.doExecute(DefaultMaven.java:305)
                	at org.apache.maven.DefaultMaven.doExecute(DefaultMaven.java:192)
                	at org.apache.maven.DefaultMaven.execute(DefaultMaven.java:105)
                	at org.apache.maven.cli.MavenCli.execute(MavenCli.java:957)
                	at org.apache.maven.cli.MavenCli.doMain(MavenCli.java:289)
                	at org.apache.maven.cli.MavenCli.main(MavenCli.java:193)
                	at java.base/jdk.internal.reflect.NativeMethodAccessorImpl.invoke0(Native Method)
                	at java.base/jdk.internal.reflect.NativeMethodAccessorImpl.invoke(NativeMethodAccessorImpl.java:77)
                	at java.base/jdk.internal.reflect.DelegatingMethodAccessorImpl.invoke(DelegatingMethodAccessorImpl.java:43)
                	at java.base/java.lang.reflect.Method.invoke(Method.java:568)
                	at org.codehaus.plexus.classworlds.launcher.Launcher.launchEnhanced(Launcher.java:282)
                	at org.codehaus.plexus.classworlds.launcher.Launcher.launch(Launcher.java:225)
                	at org.codehaus.plexus.classworlds.launcher.Launcher.mainWithExitCode(Launcher.java:406)
                	at org.codehaus.plexus.classworlds.launcher.Launcher.main(Launcher.java:347)
                Caused by: org.openqa.selenium.TimeoutException: Expected condition failed: waiting for element to be clickable: By.xpath: /html/body/ytd-app/div[1]/ytd-page-manager/ytd-browse/ytd-two-column-browse-results-renderer/div[1]/ytd-rich-grid-renderer/div[6]/ytd-rich-grid-row[1]/div/ytd-rich-item-renderer[2]/div/ytd-rich-grid-media/yt-interaction/div[1] (tried for 10 second(s) with 500 milliseconds interval)
                Build info: version: '4.1.2', revision: '9a5a329c5a'
                System info: host: 'Emre-MacBook-Pro.local', ip: 'fe80:0:0:0:c36:c9c7:d8c3:7f2%en0', os.name: 'Mac OS X', os.arch: 'aarch64', os.version: '11.5.2', java.version: '17'
                Driver info: org.openqa.selenium.chrome.ChromeDriver
                Capabilities {acceptInsecureCerts: false, browserName: chrome, browserVersion: 99.0.4844.84, chrome: {chromedriverVersion: 99.0.4844.51 (d537ec02474b5..., userDataDir: /var/folders/mw/3m6_nbm959n...}, goog:chromeOptions: {debuggerAddress: localhost:50020}, javascriptEnabled: true, networkConnectionEnabled: false, pageLoadStrategy: normal, platform: MAC, platformName: MAC, proxy: Proxy(), se:cdp: ws://localhost:50020/devtoo..., se:cdpVersion: 99.0.4844.84, setWindowRect: true, strictFileInteractability: false, timeouts: {implicit: 0, pageLoad: 300000, script: 30000}, unhandledPromptBehavior: dismiss and notify, webauthn:extension:credBlob: true, webauthn:extension:largeBlob: true, webauthn:virtualAuthenticators: true}
                Session ID: a21cb75f4e5d108e3bd8994993a2a2c6
                	at org.openqa.selenium.support.ui.WebDriverWait.timeoutException(WebDriverWait.java:138)
                	at org.openqa.selenium.support.ui.FluentWait.until(FluentWait.java:231)
                	at com.company.YoutubeTest4.e_ClickFeatured(YoutubeTest4.java:103)
                	... 37 more
</error>
        </testcase>
        <testcase name="YoutubeTest2" time="35.106" classname="com.company.YoutubeTest2">
            <failure type="Not fulfilled" message="0"/>
        </testcase>
        <testcase name="YoutubeTest3" time="35.106" classname="com.company.YoutubeTest3">
            <failure type="Not fulfilled" message="0"/>
        </testcase>
    </testsuite>
</testsuites>
