<?xml version="1.0" encoding="UTF-8" standalone="yes"?>
<testsuites time="228.952" tests="4" failures="0" errors="0">
    <testsuite name="GraphWalker" tests="4" failures="0" errors="0" time="228.952" timestamp="2022-03-31T03:52:50">
        <properties>
[...]
</properties>
        <testcase name="YoutubeTest2" time="57.238" classname="com.company.YoutubeTest2"/>
        <testcase name="YoutubeTest1" time="57.238" classname="com.company.YoutubeTest1"/>
        <testcase name="YoutubeTest4" time="57.238" classname="com.company.YoutubeTest4"/>
        <testcase name="YoutubeTest3" time="57.238" classname="com.company.YoutubeTest3"/>
    </testsuite>
</testsuites>
